# JRE version: OpenJDK Runtime Environment Temurin-17.0.4.1+1 (17.0.4.1+1) (build 17.0.4.1+1)
# Java VM: OpenJDK 64-Bit Server VM Temurin-17.0.4.1+1 (17.0.4.1+1, mixed mode, tiered, compressed oops, compressed class ptrs, parallel gc, windows-amd64)
GC Precious Log:
 CPUs: 4 total, 4 available
 Memory: 7996M
 Large Page Support: Disabled
 NUMA Support: Disabled
 Compressed Oops: Enabled (32-bit)
 Alignments: Space 512K, Generation 512K, Heap 2M
 Heap Min Capacity: 100M
 Heap Initial Capacity: 100M
 Heap Max Capacity: 1G
 Pre-touch: Disabled
 Parallel Workers: 4
Heap:
 PSYoungGen      total 3584K, used 2179K [0x00000000eab00000, 0x00000000eb100000, 0x0000000100000000)
  eden space 1536K, 33% used [0x00000000eab00000,0x00000000eab80d98,0x00000000eac80000)
  from space 2048K, 81% used [0x00000000eae80000,0x00000000eb020000,0x00000000eb080000)
  to   space 2048K, 0% used [0x00000000eac80000,0x00000000eac80000,0x00000000eae80000)
 ParOldGen       total 344064K, used 322233K [0x00000000c0000000, 0x00000000d5000000, 0x00000000eab00000)
  object space 344064K, 93% used [0x00000000c0000000,0x00000000d3aae798,0x00000000d5000000)
 Metaspace       used 63017K, committed 64000K, reserved 1105920K
  class space    used 7270K, committed 7680K, reserved 1048576K
GC Heap History (20 events):
Event: 111.782 GC heap before
{Heap before GC invocations=399 (full 15):
 PSYoungGen      total 2048K, used 1912K [0x00000000eab00000, 0x00000000eae80000, 0x0000000100000000)
  eden space 512K, 97% used [0x00000000eab00000,0x00000000eab7c448,0x00000000eab80000)
  from space 1536K, 92% used [0x00000000ead00000,0x00000000eae61fa0,0x00000000eae80000)
  to   space 1536K, 0% used [0x00000000eab80000,0x00000000eab80000,0x00000000ead00000)
 ParOldGen       total 344064K, used 316363K [0x00000000c0000000, 0x00000000d5000000, 0x00000000eab00000)
  object space 344064K, 91% used [0x00000000c0000000,0x00000000d34f2c20,0x00000000d5000000)
 Metaspace       used 62929K, committed 63872K, reserved 1105920K
  class space    used 7258K, committed 7680K, reserved 1048576K
}
Event: 111.785 GC heap after
{Heap after GC invocations=399 (full 15):
 PSYoungGen      total 2048K, used 1507K [0x00000000eab00000, 0x00000000eaf80000, 0x0000000100000000)
  eden space 512K, 0% used [0x00000000eab00000,0x00000000eab00000,0x00000000eab80000)
  from space 1536K, 98% used [0x00000000eab80000,0x00000000eacf8cf0,0x00000000ead00000)
  to   space 2048K, 0% used [0x00000000ead80000,0x00000000ead80000,0x00000000eaf80000)
 ParOldGen       total 344064K, used 316729K [0x00000000c0000000, 0x00000000d5000000, 0x00000000eab00000)
  object space 344064K, 92% used [0x00000000c0000000,0x00000000d354e6c8,0x00000000d5000000)
 Metaspace       used 62929K, committed 63872K, reserved 1105920K
  class space    used 7258K, committed 7680K, reserved 1048576K
}
Event: 111.811 GC heap before
{Heap before GC invocations=400 (full 15):
 PSYoungGen      total 2048K, used 2019K [0x00000000eab00000, 0x00000000eaf80000, 0x0000000100000000)
  eden space 512K, 100% used [0x00000000eab00000,0x00000000eab80000,0x00000000eab80000)
  from space 1536K, 98% used [0x00000000eab80000,0x00000000eacf8cf0,0x00000000ead00000)
  to   space 2048K, 0% used [0x00000000ead80000,0x00000000ead80000,0x00000000eaf80000)
 ParOldGen       total 344064K, used 316729K [0x00000000c0000000, 0x00000000d5000000, 0x00000000eab00000)
  object space 344064K, 92% used [0x00000000c0000000,0x00000000d354e6c8,0x00000000d5000000)
 Metaspace       used 62929K, committed 63872K, reserved 1105920K
  class space    used 7258K, committed 7680K, reserved 1048576K
}
Event: 111.815 GC heap after
{Heap after GC invocations=400 (full 15):
 PSYoungGen      total 2560K, used 2019K [0x00000000eab00000, 0x00000000eb080000, 0x0000000100000000)
  eden space 512K, 0% used [0x00000000eab00000,0x00000000eab00000,0x00000000eab80000)
  from space 2048K, 98% used [0x00000000ead80000,0x00000000eaf78cf0,0x00000000eaf80000)
  to   space 2048K, 0% used [0x00000000eab80000,0x00000000eab80000,0x00000000ead80000)
 ParOldGen       total 344064K, used 316753K [0x00000000c0000000, 0x00000000d5000000, 0x00000000eab00000)
  object space 344064K, 92% used [0x00000000c0000000,0x00000000d35546c8,0x00000000d5000000)
 Metaspace       used 62929K, committed 63872K, reserved 1105920K
  class space    used 7258K, committed 7680K, reserved 1048576K
}
Event: 112.272 GC heap before
{Heap before GC invocations=401 (full 15):
 PSYoungGen      total 2560K, used 2531K [0x00000000eab00000, 0x00000000eb080000, 0x0000000100000000)
  eden space 512K, 100% used [0x00000000eab00000,0x00000000eab80000,0x00000000eab80000)
  from space 2048K, 98% used [0x00000000ead80000,0x00000000eaf78cf0,0x00000000eaf80000)
  to   space 2048K, 0% used [0x00000000eab80000,0x00000000eab80000,0x00000000ead80000)
 ParOldGen       total 344064K, used 318265K [0x00000000c0000000, 0x00000000d5000000, 0x00000000eab00000)
  object space 344064K, 92% used [0x00000000c0000000,0x00000000d36ce6c8,0x00000000d5000000)
 Metaspace       used 62946K, committed 63872K, reserved 1105920K
  class space    used 7258K, committed 7680K, reserved 1048576K
}
Event: 112.284 GC heap after
{Heap after GC invocations=401 (full 15):
 PSYoungGen      total 2560K, used 2027K [0x00000000eab00000, 0x00000000eb180000, 0x0000000100000000)
  eden space 512K, 0% used [0x00000000eab00000,0x00000000eab00000,0x00000000eab80000)
  from space 2048K, 98% used [0x00000000eab80000,0x00000000ead7ac90,0x00000000ead80000)
  to   space 3072K, 0% used [0x00000000eae80000,0x00000000eae80000,0x00000000eb180000)
 ParOldGen       total 344064K, used 318714K [0x00000000c0000000, 0x00000000d5000000, 0x00000000eab00000)
  object space 344064K, 92% used [0x00000000c0000000,0x00000000d373ebb0,0x00000000d5000000)
 Metaspace       used 62946K, committed 63872K, reserved 1105920K
  class space    used 7258K, committed 7680K, reserved 1048576K
}
Event: 112.351 GC heap before
{Heap before GC invocations=402 (full 15):
 PSYoungGen      total 2560K, used 2539K [0x00000000eab00000, 0x00000000eb180000, 0x0000000100000000)
  eden space 512K, 100% used [0x00000000eab00000,0x00000000eab80000,0x00000000eab80000)
  from space 2048K, 98% used [0x00000000eab80000,0x00000000ead7ac90,0x00000000ead80000)
  to   space 3072K, 0% used [0x00000000eae80000,0x00000000eae80000,0x00000000eb180000)
 ParOldGen       total 344064K, used 318714K [0x00000000c0000000, 0x00000000d5000000, 0x00000000eab00000)
  object space 344064K, 92% used [0x00000000c0000000,0x00000000d373ebb0,0x00000000d5000000)
 Metaspace       used 62951K, committed 63872K, reserved 1105920K
  class space    used 7258K, committed 7680K, reserved 1048576K
}
Event: 112.360 GC heap after
{Heap after GC invocations=402 (full 15):
 PSYoungGen      total 3072K, used 2199K [0x00000000eab00000, 0x00000000eb100000, 0x0000000100000000)
  eden space 512K, 0% used [0x00000000eab00000,0x00000000eab00000,0x00000000eab80000)
  from space 2560K, 85% used [0x00000000eae80000,0x00000000eb0a5cc0,0x00000000eb100000)
  to   space 2560K, 0% used [0x00000000eac00000,0x00000000eac00000,0x00000000eae80000)
 ParOldGen       total 344064K, used 319052K [0x00000000c0000000, 0x00000000d5000000, 0x00000000eab00000)
  object space 344064K, 92% used [0x00000000c0000000,0x00000000d37930d0,0x00000000d5000000)
 Metaspace       used 62951K, committed 63872K, reserved 1105920K
  class space    used 7258K, committed 7680K, reserved 1048576K
}
Event: 113.315 GC heap before
{Heap before GC invocations=403 (full 15):
 PSYoungGen      total 3072K, used 2711K [0x00000000eab00000, 0x00000000eb100000, 0x0000000100000000)
  eden space 512K, 100% used [0x00000000eab00000,0x00000000eab80000,0x00000000eab80000)
  from space 2560K, 85% used [0x00000000eae80000,0x00000000eb0a5cc0,0x00000000eb100000)
  to   space 2560K, 0% used [0x00000000eac00000,0x00000000eac00000,0x00000000eae80000)
 ParOldGen       total 344064K, used 319052K [0x00000000c0000000, 0x00000000d5000000, 0x00000000eab00000)
  object space 344064K, 92% used [0x00000000c0000000,0x00000000d37930d0,0x00000000d5000000)
 Metaspace       used 62952K, committed 63872K, reserved 1105920K
  class space    used 7258K, committed 7680K, reserved 1048576K
}
Event: 113.321 GC heap after
{Heap after GC invocations=403 (full 15):
 PSYoungGen      total 3072K, used 2231K [0x00000000eab00000, 0x00000000eb080000, 0x0000000100000000)
  eden space 512K, 0% used [0x00000000eab00000,0x00000000eab00000,0x00000000eab80000)
  from space 2560K, 87% used [0x00000000eac00000,0x00000000eae2dcc0,0x00000000eae80000)
  to   space 2048K, 0% used [0x00000000eae80000,0x00000000eae80000,0x00000000eb080000)
 ParOldGen       total 344064K, used 319389K [0x00000000c0000000, 0x00000000d5000000, 0x00000000eab00000)
  object space 344064K, 92% used [0x00000000c0000000,0x00000000d37e75b8,0x00000000d5000000)
 Metaspace       used 62952K, committed 63872K, reserved 1105920K
  class space    used 7258K, committed 7680K, reserved 1048576K
}
Event: 113.563 GC heap before
{Heap before GC invocations=404 (full 15):
 PSYoungGen      total 3072K, used 2743K [0x00000000eab00000, 0x00000000eb080000, 0x0000000100000000)
  eden space 512K, 100% used [0x00000000eab00000,0x00000000eab80000,0x00000000eab80000)
  from space 2560K, 87% used [0x00000000eac00000,0x00000000eae2dcc0,0x00000000eae80000)
  to   space 2048K, 0% used [0x00000000eae80000,0x00000000eae80000,0x00000000eb080000)
 ParOldGen       total 344064K, used 319389K [0x00000000c0000000, 0x00000000d5000000, 0x00000000eab00000)
  object space 344064K, 92% used [0x00000000c0000000,0x00000000d37e75b8,0x00000000d5000000)
 Metaspace       used 62952K, committed 63872K, reserved 1105920K
  class space    used 7258K, committed 7680K, reserved 1048576K
}
Event: 113.567 GC heap after
{Heap after GC invocations=404 (full 15):
 PSYoungGen      total 2560K, used 2043K [0x00000000eab00000, 0x00000000eb080000, 0x0000000100000000)
  eden space 512K, 0% used [0x00000000eab00000,0x00000000eab00000,0x00000000eab80000)
  from space 2048K, 99% used [0x00000000eae80000,0x00000000eb07ef70,0x00000000eb080000)
  to   space 2560K, 0% used [0x00000000eab80000,0x00000000eab80000,0x00000000eae00000)
 ParOldGen       total 344064K, used 319790K [0x00000000c0000000, 0x00000000d5000000, 0x00000000eab00000)
  object space 344064K, 92% used [0x00000000c0000000,0x00000000d384b880,0x00000000d5000000)
 Metaspace       used 62952K, committed 63872K, reserved 1105920K
  class space    used 7258K, committed 7680K, reserved 1048576K
}
Event: 113.573 GC heap before
{Heap before GC invocations=405 (full 15):
 PSYoungGen      total 2560K, used 2555K [0x00000000eab00000, 0x00000000eb080000, 0x0000000100000000)
  eden space 512K, 100% used [0x00000000eab00000,0x00000000eab80000,0x00000000eab80000)
  from space 2048K, 99% used [0x00000000eae80000,0x00000000eb07ef70,0x00000000eb080000)
  to   space 2560K, 0% used [0x00000000eab80000,0x00000000eab80000,0x00000000eae00000)
 ParOldGen       total 344064K, used 319790K [0x00000000c0000000, 0x00000000d5000000, 0x00000000eab00000)
  object space 344064K, 92% used [0x00000000c0000000,0x00000000d384b880,0x00000000d5000000)
 Metaspace       used 62952K, committed 63872K, reserved 1105920K
  class space    used 7258K, committed 7680K, reserved 1048576K
}
Event: 113.579 GC heap after
{Heap after GC invocations=405 (full 15):
 PSYoungGen      total 3072K, used 2035K [0x00000000eab00000, 0x00000000eb080000, 0x0000000100000000)
  eden space 512K, 0% used [0x00000000eab00000,0x00000000eab00000,0x00000000eab80000)
  from space 2560K, 79% used [0x00000000eab80000,0x00000000ead7cfd0,0x00000000eae00000)
  to   space 2048K, 0% used [0x00000000eae80000,0x00000000eae80000,0x00000000eb080000)
 ParOldGen       total 344064K, used 320224K [0x00000000c0000000, 0x00000000d5000000, 0x00000000eab00000)
  object space 344064K, 93% used [0x00000000c0000000,0x00000000d38b8310,0x00000000d5000000)
 Metaspace       used 62952K, committed 63872K, reserved 1105920K
  class space    used 7258K, committed 7680K, reserved 1048576K
}
Event: 113.590 GC heap before
{Heap before GC invocations=406 (full 15):
 PSYoungGen      total 3072K, used 2547K [0x00000000eab00000, 0x00000000eb080000, 0x0000000100000000)
  eden space 512K, 100% used [0x00000000eab00000,0x00000000eab80000,0x00000000eab80000)
  from space 2560K, 79% used [0x00000000eab80000,0x00000000ead7cfd0,0x00000000eae00000)
  to   space 2048K, 0% used [0x00000000eae80000,0x00000000eae80000,0x00000000eb080000)
 ParOldGen       total 344064K, used 320224K [0x00000000c0000000, 0x00000000d5000000, 0x00000000eab00000)
  object space 344064K, 93% used [0x00000000c0000000,0x00000000d38b8310,0x00000000d5000000)
 Metaspace       used 62952K, committed 63872K, reserved 1105920K
  class space    used 7258K, committed 7680K, reserved 1048576K
}
Event: 113.594 GC heap after
{Heap after GC invocations=406 (full 15):
 PSYoungGen      total 3072K, used 1664K [0x00000000eab00000, 0x00000000eb080000, 0x0000000100000000)
  eden space 1024K, 0% used [0x00000000eab00000,0x00000000eab00000,0x00000000eac00000)
  from space 2048K, 81% used [0x00000000eae80000,0x00000000eb020000,0x00000000eb080000)
  to   space 2048K, 0% used [0x00000000eac80000,0x00000000eac80000,0x00000000eae80000)
 ParOldGen       total 344064K, used 320916K [0x00000000c0000000, 0x00000000d5000000, 0x00000000eab00000)
  object space 344064K, 93% used [0x00000000c0000000,0x00000000d3965248,0x00000000d5000000)
 Metaspace       used 62952K, committed 63872K, reserved 1105920K
  class space    used 7258K, committed 7680K, reserved 1048576K
}
Event: 113.612 GC heap before
{Heap before GC invocations=407 (full 15):
 PSYoungGen      total 3072K, used 2688K [0x00000000eab00000, 0x00000000eb080000, 0x0000000100000000)
  eden space 1024K, 100% used [0x00000000eab00000,0x00000000eac00000,0x00000000eac00000)
  from space 2048K, 81% used [0x00000000eae80000,0x00000000eb020000,0x00000000eb080000)
  to   space 2048K, 0% used [0x00000000eac80000,0x00000000eac80000,0x00000000eae80000)
 ParOldGen       total 344064K, used 320916K [0x00000000c0000000, 0x00000000d5000000, 0x00000000eab00000)
  object space 344064K, 93% used [0x00000000c0000000,0x00000000d3965248,0x00000000d5000000)
 Metaspace       used 62952K, committed 63872K, reserved 1105920K
  class space    used 7258K, committed 7680K, reserved 1048576K
}
Event: 113.616 GC heap after
{Heap after GC invocations=407 (full 15):
 PSYoungGen      total 3584K, used 1600K [0x00000000eab00000, 0x00000000eb080000, 0x0000000100000000)
  eden space 1536K, 0% used [0x00000000eab00000,0x00000000eab00000,0x00000000eac80000)
  from space 2048K, 78% used [0x00000000eac80000,0x00000000eae10000,0x00000000eae80000)
  to   space 2048K, 0% used [0x00000000eae80000,0x00000000eae80000,0x00000000eb080000)
 ParOldGen       total 344064K, used 321601K [0x00000000c0000000, 0x00000000d5000000, 0x00000000eab00000)
  object space 344064K, 93% used [0x00000000c0000000,0x00000000d3a10798,0x00000000d5000000)
 Metaspace       used 62952K, committed 63872K, reserved 1105920K
  class space    used 7258K, committed 7680K, reserved 1048576K
}
Event: 114.028 GC heap before
{Heap before GC invocations=408 (full 15):
 PSYoungGen      total 3584K, used 3128K [0x00000000eab00000, 0x00000000eb080000, 0x0000000100000000)
  eden space 1536K, 99% used [0x00000000eab00000,0x00000000eac7e1d0,0x00000000eac80000)
  from space 2048K, 78% used [0x00000000eac80000,0x00000000eae10000,0x00000000eae80000)
  to   space 2048K, 0% used [0x00000000eae80000,0x00000000eae80000,0x00000000eb080000)
 ParOldGen       total 344064K, used 321601K [0x00000000c0000000, 0x00000000d5000000, 0x00000000eab00000)
  object space 344064K, 93% used [0x00000000c0000000,0x00000000d3a10798,0x00000000d5000000)
 Metaspace       used 62992K, committed 63936K, reserved 1105920K
  class space    used 7270K, committed 7680K, reserved 1048576K
}
Event: 114.035 GC heap after
{Heap after GC invocations=408 (full 15):
 PSYoungGen      total 3584K, used 1664K [0x00000000eab00000, 0x00000000eb100000, 0x0000000100000000)
  eden space 1536K, 0% used [0x00000000eab00000,0x00000000eab00000,0x00000000eac80000)
  from space 2048K, 81% used [0x00000000eae80000,0x00000000eb020000,0x00000000eb080000)
  to   space 2048K, 0% used [0x00000000eac80000,0x00000000eac80000,0x00000000eae80000)
 ParOldGen       total 344064K, used 322233K [0x00000000c0000000, 0x00000000d5000000, 0x00000000eab00000)
  object space 344064K, 93% used [0x00000000c0000000,0x00000000d3aae798,0x00000000d5000000)
 Metaspace       used 62992K, committed 63936K, reserved 1105920K
  class space    used 7270K, committed 7680K, reserved 1048576K
}

